2025-09-03 07:13:43,439 - ScenarioRunner - INFO - Starting scenario from: example/new_features_scenario.json
2025-09-03 07:13:43,440 - ScenarioRunner - INFO - Output will be saved in: output/New_Features_Scenario_20250903_071343
2025-09-03 07:13:43,441 - ScenarioRunner - INFO - --- Running Scenario Iteration 1 with data: {'username': 'csv_user_1', 'delay': '1'} ---
2025-09-03 07:13:43,442 - ScenarioRunner - INFO - --- Running Sub-Scenario: example/example_scenario.json ---
2025-09-03 07:13:43,442 - ScenarioRunner - INFO - Starting scenario from: example/example_scenario.json
2025-09-03 07:13:43,442 - ScenarioRunner - INFO - Output will be saved in: output/New_Features_Scenario_20250903_071343
2025-09-03 07:13:43,442 - ScenarioRunner - INFO - --- Running Test Case: Example Test 1 ---
2025-09-03 07:13:43,442 - ScenarioRunner - INFO - Starting test from script: example/example_test.py
2025-09-03 07:13:43,442 - ScenarioRunner - INFO - Output will be saved in: output/New_Features_Scenario_20250903_071343/test_1_Example_Test_1
2025-09-03 07:13:43,442 - ScenarioRunner - INFO - Loading test case from example/example_test.py
2025-09-03 07:13:43,444 - ScenarioRunner - INFO - Executing setup()
2025-09-03 07:13:43,444 - ScenarioRunner - INFO - Setting up the example test case.
2025-09-03 07:13:43,444 - ScenarioRunner - INFO - Received variables: {'username': 'test_user_1', 'delay': 2}
2025-09-03 07:13:43,444 - ScenarioRunner - INFO - Executing run()
2025-09-03 07:13:43,444 - ScenarioRunner - INFO - Running the example test case.
2025-09-03 07:13:43,444 - ScenarioRunner - INFO - Simulating login for user: test_user_1
2025-09-03 07:13:45,445 - ScenarioRunner - INFO - Simulating some action.
2025-09-03 07:13:47,446 - ScenarioRunner - INFO - Example test case finished.
2025-09-03 07:13:47,446 - ScenarioRunner - INFO - Executing teardown()
2025-09-03 07:13:47,446 - ScenarioRunner - INFO - Tearing down the example test case.
2025-09-03 07:13:47,446 - ScenarioRunner - INFO - Test case execution time: 0:00:04.001760
2025-09-03 07:13:47,446 - ScenarioRunner - INFO - Test case finished successfully.
2025-09-03 07:13:47,446 - ScenarioRunner - INFO - Test run finished.
2025-09-03 07:13:47,446 - ScenarioRunner - INFO - --- Finished Test Case: Example Test 1 ---
2025-09-03 07:13:47,446 - ScenarioRunner - INFO - --- Running Test Case: Example Test 2 ---
2025-09-03 07:13:47,447 - ScenarioRunner - INFO - Starting test from script: example/example_test.py
2025-09-03 07:13:47,447 - ScenarioRunner - INFO - Output will be saved in: output/New_Features_Scenario_20250903_071343/test_2_Example_Test_2
2025-09-03 07:13:47,447 - ScenarioRunner - INFO - Loading test case from example/example_test.py
2025-09-03 07:13:47,448 - ScenarioRunner - INFO - Executing setup()
2025-09-03 07:13:47,448 - ScenarioRunner - INFO - Setting up the example test case.
2025-09-03 07:13:47,448 - ScenarioRunner - INFO - Received variables: {'username': 'test_user_2', 'delay': 1}
2025-09-03 07:13:47,448 - ScenarioRunner - INFO - Executing run()
2025-09-03 07:13:47,448 - ScenarioRunner - INFO - Running the example test case.
2025-09-03 07:13:47,448 - ScenarioRunner - INFO - Simulating login for user: test_user_2
2025-09-03 07:13:48,448 - ScenarioRunner - INFO - Simulating some action.
2025-09-03 07:13:49,449 - ScenarioRunner - INFO - Example test case finished.
2025-09-03 07:13:49,449 - ScenarioRunner - INFO - Executing teardown()
2025-09-03 07:13:49,449 - ScenarioRunner - INFO - Tearing down the example test case.
2025-09-03 07:13:49,449 - ScenarioRunner - INFO - Test case execution time: 0:00:02.001467
2025-09-03 07:13:49,449 - ScenarioRunner - INFO - Test case finished successfully.
2025-09-03 07:13:49,449 - ScenarioRunner - INFO - Test run finished.
2025-09-03 07:13:49,449 - ScenarioRunner - INFO - --- Finished Test Case: Example Test 2 ---
2025-09-03 07:13:49,449 - ScenarioRunner - INFO - Scenario run finished.
2025-09-03 07:13:49,449 - ScenarioRunner - INFO - --- Finished Sub-Scenario: example/example_scenario.json ---
2025-09-03 07:13:49,449 - ScenarioRunner - INFO - --- Running Test Case: CSV Test ---
2025-09-03 07:13:49,450 - ScenarioRunner - INFO - Starting test from script: example/example_test.py
2025-09-03 07:13:49,450 - ScenarioRunner - INFO - Output will be saved in: output/New_Features_Scenario_20250903_071343/test_1_CSV_Test
2025-09-03 07:13:49,450 - ScenarioRunner - INFO - Loading test case from example/example_test.py
2025-09-03 07:13:49,451 - ScenarioRunner - INFO - Executing setup()
2025-09-03 07:13:49,451 - ScenarioRunner - INFO - Setting up the example test case.
2025-09-03 07:13:49,451 - ScenarioRunner - INFO - Received variables: {'username': 'csv_user_1', 'delay': '1'}
2025-09-03 07:13:49,451 - ScenarioRunner - INFO - Executing run()
2025-09-03 07:13:49,451 - ScenarioRunner - INFO - Running the example test case.
2025-09-03 07:13:49,451 - ScenarioRunner - INFO - Simulating login for user: csv_user_1
2025-09-03 07:13:50,451 - ScenarioRunner - INFO - Simulating some action.
2025-09-03 07:13:51,452 - ScenarioRunner - INFO - Example test case finished.
2025-09-03 07:13:51,452 - ScenarioRunner - INFO - Executing teardown()
2025-09-03 07:13:51,452 - ScenarioRunner - INFO - Tearing down the example test case.
2025-09-03 07:13:51,452 - ScenarioRunner - INFO - Test case execution time: 0:00:02.001599
2025-09-03 07:13:51,452 - ScenarioRunner - INFO - Test case finished successfully.
2025-09-03 07:13:51,452 - ScenarioRunner - INFO - Test run finished.
2025-09-03 07:13:51,453 - ScenarioRunner - INFO - --- Finished Test Case: CSV Test ---
2025-09-03 07:13:51,453 - ScenarioRunner - INFO - Scenario run finished.
2025-09-03 07:13:51,453 - ScenarioRunner - INFO - --- Running Scenario Iteration 2 with data: {'username': 'csv_user_2', 'delay': '2'} ---
2025-09-03 07:13:51,453 - ScenarioRunner - INFO - --- Running Sub-Scenario: example/example_scenario.json ---
2025-09-03 07:13:51,453 - ScenarioRunner - INFO - Starting scenario from: example/example_scenario.json
2025-09-03 07:13:51,453 - ScenarioRunner - INFO - Output will be saved in: output/New_Features_Scenario_20250903_071343
2025-09-03 07:13:51,453 - ScenarioRunner - INFO - --- Running Test Case: Example Test 1 ---
2025-09-03 07:13:51,453 - ScenarioRunner - INFO - Starting test from script: example/example_test.py
2025-09-03 07:13:51,453 - ScenarioRunner - INFO - Output will be saved in: output/New_Features_Scenario_20250903_071343/test_1_Example_Test_1
2025-09-03 07:13:51,453 - ScenarioRunner - INFO - Loading test case from example/example_test.py
2025-09-03 07:13:51,454 - ScenarioRunner - INFO - Executing setup()
2025-09-03 07:13:51,454 - ScenarioRunner - INFO - Setting up the example test case.
2025-09-03 07:13:51,454 - ScenarioRunner - INFO - Received variables: {'username': 'test_user_1', 'delay': 2}
2025-09-03 07:13:51,454 - ScenarioRunner - INFO - Executing run()
2025-09-03 07:13:51,454 - ScenarioRunner - INFO - Running the example test case.
2025-09-03 07:13:51,454 - ScenarioRunner - INFO - Simulating login for user: test_user_1
2025-09-03 07:13:53,454 - ScenarioRunner - INFO - Simulating some action.
2025-09-03 07:13:55,455 - ScenarioRunner - INFO - Example test case finished.
2025-09-03 07:13:55,455 - ScenarioRunner - INFO - Executing teardown()
2025-09-03 07:13:55,455 - ScenarioRunner - INFO - Tearing down the example test case.
2025-09-03 07:13:55,455 - ScenarioRunner - INFO - Test case execution time: 0:00:04.001579
2025-09-03 07:13:55,455 - ScenarioRunner - INFO - Test case finished successfully.
2025-09-03 07:13:55,455 - ScenarioRunner - INFO - Test run finished.
2025-09-03 07:13:55,455 - ScenarioRunner - INFO - --- Finished Test Case: Example Test 1 ---
2025-09-03 07:13:55,455 - ScenarioRunner - INFO - --- Running Test Case: Example Test 2 ---
2025-09-03 07:13:55,456 - ScenarioRunner - INFO - Starting test from script: example/example_test.py
2025-09-03 07:13:55,456 - ScenarioRunner - INFO - Output will be saved in: output/New_Features_Scenario_20250903_071343/test_2_Example_Test_2
2025-09-03 07:13:55,456 - ScenarioRunner - INFO - Loading test case from example/example_test.py
2025-09-03 07:13:55,456 - ScenarioRunner - INFO - Executing setup()
2025-09-03 07:13:55,456 - ScenarioRunner - INFO - Setting up the example test case.
2025-09-03 07:13:55,456 - ScenarioRunner - INFO - Received variables: {'username': 'test_user_2', 'delay': 1}
2025-09-03 07:13:55,456 - ScenarioRunner - INFO - Executing run()
2025-09-03 07:13:55,457 - ScenarioRunner - INFO - Running the example test case.
2025-09-03 07:13:55,457 - ScenarioRunner - INFO - Simulating login for user: test_user_2
2025-09-03 07:13:56,457 - ScenarioRunner - INFO - Simulating some action.
2025-09-03 07:13:57,457 - ScenarioRunner - INFO - Example test case finished.
2025-09-03 07:13:57,458 - ScenarioRunner - INFO - Executing teardown()
2025-09-03 07:13:57,458 - ScenarioRunner - INFO - Tearing down the example test case.
2025-09-03 07:13:57,458 - ScenarioRunner - INFO - Test case execution time: 0:00:02.001651
2025-09-03 07:13:57,458 - ScenarioRunner - INFO - Test case finished successfully.
2025-09-03 07:13:57,458 - ScenarioRunner - INFO - Test run finished.
2025-09-03 07:13:57,458 - ScenarioRunner - INFO - --- Finished Test Case: Example Test 2 ---
2025-09-03 07:13:57,458 - ScenarioRunner - INFO - Scenario run finished.
2025-09-03 07:13:57,458 - ScenarioRunner - INFO - --- Finished Sub-Scenario: example/example_scenario.json ---
2025-09-03 07:13:57,458 - ScenarioRunner - INFO - --- Running Test Case: CSV Test ---
2025-09-03 07:13:57,458 - ScenarioRunner - INFO - Starting test from script: example/example_test.py
2025-09-03 07:13:57,458 - ScenarioRunner - INFO - Output will be saved in: output/New_Features_Scenario_20250903_071343/test_1_CSV_Test
2025-09-03 07:13:57,459 - ScenarioRunner - INFO - Loading test case from example/example_test.py
2025-09-03 07:13:57,459 - ScenarioRunner - INFO - Executing setup()
2025-09-03 07:13:57,459 - ScenarioRunner - INFO - Setting up the example test case.
2025-09-03 07:13:57,459 - ScenarioRunner - INFO - Received variables: {'username': 'csv_user_2', 'delay': '2'}
2025-09-03 07:13:57,459 - ScenarioRunner - INFO - Executing run()
2025-09-03 07:13:57,459 - ScenarioRunner - INFO - Running the example test case.
2025-09-03 07:13:57,459 - ScenarioRunner - INFO - Simulating login for user: csv_user_2
2025-09-03 07:13:59,460 - ScenarioRunner - INFO - Simulating some action.
2025-09-03 07:14:01,460 - ScenarioRunner - INFO - Example test case finished.
2025-09-03 07:14:01,460 - ScenarioRunner - INFO - Executing teardown()
2025-09-03 07:14:01,461 - ScenarioRunner - INFO - Tearing down the example test case.
2025-09-03 07:14:01,461 - ScenarioRunner - INFO - Test case execution time: 0:00:04.001575
2025-09-03 07:14:01,461 - ScenarioRunner - INFO - Test case finished successfully.
2025-09-03 07:14:01,461 - ScenarioRunner - INFO - Test run finished.
2025-09-03 07:14:01,461 - ScenarioRunner - INFO - --- Finished Test Case: CSV Test ---
2025-09-03 07:14:01,461 - ScenarioRunner - INFO - Scenario run finished.
2025-09-03 07:14:01,461 - ScenarioRunner - INFO - --- Running Scenario Iteration 3 with data: {'username': 'csv_user_3', 'delay': '1'} ---
2025-09-03 07:14:01,461 - ScenarioRunner - INFO - --- Running Sub-Scenario: example/example_scenario.json ---
2025-09-03 07:14:01,461 - ScenarioRunner - INFO - Starting scenario from: example/example_scenario.json
2025-09-03 07:14:01,461 - ScenarioRunner - INFO - Output will be saved in: output/New_Features_Scenario_20250903_071343
2025-09-03 07:14:01,461 - ScenarioRunner - INFO - --- Running Test Case: Example Test 1 ---
2025-09-03 07:14:01,461 - ScenarioRunner - INFO - Starting test from script: example/example_test.py
2025-09-03 07:14:01,461 - ScenarioRunner - INFO - Output will be saved in: output/New_Features_Scenario_20250903_071343/test_1_Example_Test_1
2025-09-03 07:14:01,461 - ScenarioRunner - INFO - Loading test case from example/example_test.py
2025-09-03 07:14:01,462 - ScenarioRunner - INFO - Executing setup()
2025-09-03 07:14:01,462 - ScenarioRunner - INFO - Setting up the example test case.
2025-09-03 07:14:01,462 - ScenarioRunner - INFO - Received variables: {'username': 'test_user_1', 'delay': 2}
2025-09-03 07:14:01,462 - ScenarioRunner - INFO - Executing run()
2025-09-03 07:14:01,462 - ScenarioRunner - INFO - Running the example test case.
2025-09-03 07:14:01,462 - ScenarioRunner - INFO - Simulating login for user: test_user_1
2025-09-03 07:14:03,463 - ScenarioRunner - INFO - Simulating some action.
2025-09-03 07:14:05,463 - ScenarioRunner - INFO - Example test case finished.
2025-09-03 07:14:05,463 - ScenarioRunner - INFO - Executing teardown()
2025-09-03 07:14:05,464 - ScenarioRunner - INFO - Tearing down the example test case.
2025-09-03 07:14:05,464 - ScenarioRunner - INFO - Test case execution time: 0:00:04.001811
2025-09-03 07:14:05,464 - ScenarioRunner - INFO - Test case finished successfully.
2025-09-03 07:14:05,464 - ScenarioRunner - INFO - Test run finished.
2025-09-03 07:14:05,464 - ScenarioRunner - INFO - --- Finished Test Case: Example Test 1 ---
2025-09-03 07:14:05,464 - ScenarioRunner - INFO - --- Running Test Case: Example Test 2 ---
2025-09-03 07:14:05,464 - ScenarioRunner - INFO - Starting test from script: example/example_test.py
2025-09-03 07:14:05,464 - ScenarioRunner - INFO - Output will be saved in: output/New_Features_Scenario_20250903_071343/test_2_Example_Test_2
2025-09-03 07:14:05,464 - ScenarioRunner - INFO - Loading test case from example/example_test.py
2025-09-03 07:14:05,464 - ScenarioRunner - INFO - Executing setup()
2025-09-03 07:14:05,465 - ScenarioRunner - INFO - Setting up the example test case.
2025-09-03 07:14:05,465 - ScenarioRunner - INFO - Received variables: {'username': 'test_user_2', 'delay': 1}
2025-09-03 07:14:05,465 - ScenarioRunner - INFO - Executing run()
2025-09-03 07:14:05,465 - ScenarioRunner - INFO - Running the example test case.
2025-09-03 07:14:05,465 - ScenarioRunner - INFO - Simulating login for user: test_user_2
2025-09-03 07:14:06,465 - ScenarioRunner - INFO - Simulating some action.
2025-09-03 07:14:07,466 - ScenarioRunner - INFO - Example test case finished.
2025-09-03 07:14:07,466 - ScenarioRunner - INFO - Executing teardown()
2025-09-03 07:14:07,466 - ScenarioRunner - INFO - Tearing down the example test case.
2025-09-03 07:14:07,466 - ScenarioRunner - INFO - Test case execution time: 0:00:02.001486
2025-09-03 07:14:07,466 - ScenarioRunner - INFO - Test case finished successfully.
2025-09-03 07:14:07,466 - ScenarioRunner - INFO - Test run finished.
2025-09-03 07:14:07,466 - ScenarioRunner - INFO - --- Finished Test Case: Example Test 2 ---
2025-09-03 07:14:07,466 - ScenarioRunner - INFO - Scenario run finished.
2025-09-03 07:14:07,466 - ScenarioRunner - INFO - --- Finished Sub-Scenario: example/example_scenario.json ---
2025-09-03 07:14:07,466 - ScenarioRunner - INFO - --- Running Test Case: CSV Test ---
2025-09-03 07:14:07,467 - ScenarioRunner - INFO - Starting test from script: example/example_test.py
2025-09-03 07:14:07,467 - ScenarioRunner - INFO - Output will be saved in: output/New_Features_Scenario_20250903_071343/test_1_CSV_Test
2025-09-03 07:14:07,467 - ScenarioRunner - INFO - Loading test case from example/example_test.py
2025-09-03 07:14:07,467 - ScenarioRunner - INFO - Executing setup()
2025-09-03 07:14:07,467 - ScenarioRunner - INFO - Setting up the example test case.
2025-09-03 07:14:07,467 - ScenarioRunner - INFO - Received variables: {'username': 'csv_user_3', 'delay': '1'}
2025-09-03 07:14:07,467 - ScenarioRunner - INFO - Executing run()
2025-09-03 07:14:07,467 - ScenarioRunner - INFO - Running the example test case.
2025-09-03 07:14:07,467 - ScenarioRunner - INFO - Simulating login for user: csv_user_3
2025-09-03 07:14:08,468 - ScenarioRunner - INFO - Simulating some action.
2025-09-03 07:14:09,468 - ScenarioRunner - INFO - Example test case finished.
2025-09-03 07:14:09,468 - ScenarioRunner - INFO - Executing teardown()
2025-09-03 07:14:09,469 - ScenarioRunner - INFO - Tearing down the example test case.
2025-09-03 07:14:09,469 - ScenarioRunner - INFO - Test case execution time: 0:00:02.001523
2025-09-03 07:14:09,469 - ScenarioRunner - INFO - Test case finished successfully.
2025-09-03 07:14:09,469 - ScenarioRunner - INFO - Test run finished.
2025-09-03 07:14:09,469 - ScenarioRunner - INFO - --- Finished Test Case: CSV Test ---
2025-09-03 07:14:09,469 - ScenarioRunner - INFO - Scenario run finished.
