2025-09-03 07:13:05,199 - ScenarioRunner - INFO - Starting scenario from: example/new_features_scenario.json
2025-09-03 07:13:05,199 - ScenarioRunner - INFO - Output will be saved in: output/New_Features_Scenario_20250903_071305
2025-09-03 07:13:05,222 - ScenarioRunner - INFO - --- Running Scenario Iteration 1 with data: {'username': 'csv_user_1', 'delay': '1'} ---
2025-09-03 07:13:05,223 - ScenarioRunner - INFO - --- Running Sub-Scenario: example/example_scenario.json ---
2025-09-03 07:13:05,223 - ScenarioRunner - INFO - Starting scenario from: example/example_scenario.json
2025-09-03 07:13:05,223 - ScenarioRunner - INFO - Output will be saved in: output/New_Features_Scenario_20250903_071305
2025-09-03 07:13:05,223 - ScenarioRunner - INFO - --- Running Test Case: Example Test 1 ---
2025-09-03 07:13:05,223 - ScenarioRunner - INFO - Starting test from script: example/example_test.py
2025-09-03 07:13:05,223 - ScenarioRunner - INFO - Output will be saved in: output/New_Features_Scenario_20250903_071305/test_1_Example_Test_1
2025-09-03 07:13:05,223 - ScenarioRunner - INFO - Loading test case from example/example_test.py
2025-09-03 07:13:05,225 - ScenarioRunner - INFO - Executing setup()
2025-09-03 07:13:05,225 - ScenarioRunner - INFO - Setting up the example test case.
2025-09-03 07:13:05,225 - ScenarioRunner - INFO - Received variables: {'username': 'test_user_1', 'delay': 2}
2025-09-03 07:13:05,225 - ScenarioRunner - INFO - Executing run()
2025-09-03 07:13:05,225 - ScenarioRunner - INFO - Running the example test case.
2025-09-03 07:13:05,225 - ScenarioRunner - INFO - Simulating login for user: test_user_1
2025-09-03 07:13:07,226 - ScenarioRunner - INFO - Simulating some action.
2025-09-03 07:13:09,226 - ScenarioRunner - INFO - Example test case finished.
2025-09-03 07:13:09,227 - ScenarioRunner - INFO - Executing teardown()
2025-09-03 07:13:09,227 - ScenarioRunner - INFO - Tearing down the example test case.
2025-09-03 07:13:09,227 - ScenarioRunner - INFO - Test case execution time: 0:00:04.001515
2025-09-03 07:13:09,227 - ScenarioRunner - INFO - Test case finished successfully.
2025-09-03 07:13:09,227 - ScenarioRunner - INFO - Test run finished.
2025-09-03 07:13:09,227 - ScenarioRunner - INFO - --- Finished Test Case: Example Test 1 ---
2025-09-03 07:13:09,227 - ScenarioRunner - INFO - --- Running Test Case: Example Test 2 ---
2025-09-03 07:13:09,227 - ScenarioRunner - INFO - Starting test from script: example/example_test.py
2025-09-03 07:13:09,227 - ScenarioRunner - INFO - Output will be saved in: output/New_Features_Scenario_20250903_071305/test_2_Example_Test_2
2025-09-03 07:13:09,227 - ScenarioRunner - INFO - Loading test case from example/example_test.py
2025-09-03 07:13:09,228 - ScenarioRunner - INFO - Executing setup()
2025-09-03 07:13:09,228 - ScenarioRunner - INFO - Setting up the example test case.
2025-09-03 07:13:09,228 - ScenarioRunner - INFO - Received variables: {'username': 'test_user_2', 'delay': 1}
2025-09-03 07:13:09,228 - ScenarioRunner - INFO - Executing run()
2025-09-03 07:13:09,228 - ScenarioRunner - INFO - Running the example test case.
2025-09-03 07:13:09,228 - ScenarioRunner - INFO - Simulating login for user: test_user_2
2025-09-03 07:13:10,229 - ScenarioRunner - INFO - Simulating some action.
2025-09-03 07:13:11,229 - ScenarioRunner - INFO - Example test case finished.
2025-09-03 07:13:11,229 - ScenarioRunner - INFO - Executing teardown()
2025-09-03 07:13:11,230 - ScenarioRunner - INFO - Tearing down the example test case.
2025-09-03 07:13:11,230 - ScenarioRunner - INFO - Test case execution time: 0:00:02.001519
2025-09-03 07:13:11,230 - ScenarioRunner - INFO - Test case finished successfully.
2025-09-03 07:13:11,230 - ScenarioRunner - INFO - Test run finished.
2025-09-03 07:13:11,230 - ScenarioRunner - INFO - --- Finished Test Case: Example Test 2 ---
2025-09-03 07:13:11,230 - ScenarioRunner - INFO - Scenario run finished.
2025-09-03 07:13:11,230 - ScenarioRunner - INFO - --- Finished Sub-Scenario: example/example_scenario.json ---
2025-09-03 07:13:11,230 - ScenarioRunner - INFO - --- Running Test Case: CSV Test ---
2025-09-03 07:13:11,231 - ScenarioRunner - INFO - Starting test from script: example/example_test.py
2025-09-03 07:13:11,231 - ScenarioRunner - INFO - Output will be saved in: output/New_Features_Scenario_20250903_071305/test_1_CSV_Test
2025-09-03 07:13:11,231 - ScenarioRunner - INFO - Loading test case from example/example_test.py
2025-09-03 07:13:11,231 - ScenarioRunner - INFO - Executing setup()
2025-09-03 07:13:11,231 - ScenarioRunner - INFO - Setting up the example test case.
2025-09-03 07:13:11,231 - ScenarioRunner - INFO - Received variables: {'username': 'csv_user_1', 'delay': '1'}
2025-09-03 07:13:11,231 - ScenarioRunner - INFO - Executing run()
2025-09-03 07:13:11,232 - ScenarioRunner - INFO - Running the example test case.
2025-09-03 07:13:11,232 - ScenarioRunner - INFO - Simulating login for user: csv_user_1
2025-09-03 07:13:11,232 - ScenarioRunner - INFO - Executing teardown()
2025-09-03 07:13:11,232 - ScenarioRunner - INFO - Tearing down the example test case.
2025-09-03 07:13:11,232 - ScenarioRunner - INFO - Test case execution time: 0:00:00.000394
2025-09-03 07:13:11,232 - ScenarioRunner - ERROR - Test case failed: 'str' object cannot be interpreted as an integer
2025-09-03 07:13:11,254 - ScenarioRunner - ERROR - Traceback (most recent call last):
  File "/app/player/main_player.py", line 38, in run
    self._execute_test_case(test_case_instance)
  File "/app/player/main_player.py", line 78, in _execute_test_case
    test_case_instance.run()
  File "/app/example/example_test.py", line 16, in run
    time.sleep(delay)
TypeError: 'str' object cannot be interpreted as an integer

2025-09-03 07:13:11,254 - ScenarioRunner - INFO - Test run finished.
2025-09-03 07:13:11,254 - ScenarioRunner - INFO - --- Finished Test Case: CSV Test ---
2025-09-03 07:13:11,255 - ScenarioRunner - INFO - Scenario run finished.
2025-09-03 07:13:11,255 - ScenarioRunner - INFO - --- Running Scenario Iteration 2 with data: {'username': 'csv_user_2', 'delay': '2'} ---
2025-09-03 07:13:11,255 - ScenarioRunner - INFO - --- Running Sub-Scenario: example/example_scenario.json ---
2025-09-03 07:13:11,255 - ScenarioRunner - INFO - Starting scenario from: example/example_scenario.json
2025-09-03 07:13:11,255 - ScenarioRunner - INFO - Output will be saved in: output/New_Features_Scenario_20250903_071305
2025-09-03 07:13:11,255 - ScenarioRunner - INFO - --- Running Test Case: Example Test 1 ---
2025-09-03 07:13:11,255 - ScenarioRunner - INFO - Starting test from script: example/example_test.py
2025-09-03 07:13:11,255 - ScenarioRunner - INFO - Output will be saved in: output/New_Features_Scenario_20250903_071305/test_1_Example_Test_1
2025-09-03 07:13:11,255 - ScenarioRunner - INFO - Loading test case from example/example_test.py
2025-09-03 07:13:11,255 - ScenarioRunner - INFO - Executing setup()
2025-09-03 07:13:11,256 - ScenarioRunner - INFO - Setting up the example test case.
2025-09-03 07:13:11,256 - ScenarioRunner - INFO - Received variables: {'username': 'test_user_1', 'delay': 2}
2025-09-03 07:13:11,256 - ScenarioRunner - INFO - Executing run()
2025-09-03 07:13:11,256 - ScenarioRunner - INFO - Running the example test case.
2025-09-03 07:13:11,256 - ScenarioRunner - INFO - Simulating login for user: test_user_1
2025-09-03 07:13:13,256 - ScenarioRunner - INFO - Simulating some action.
2025-09-03 07:13:15,257 - ScenarioRunner - INFO - Example test case finished.
2025-09-03 07:13:15,257 - ScenarioRunner - INFO - Executing teardown()
2025-09-03 07:13:15,257 - ScenarioRunner - INFO - Tearing down the example test case.
2025-09-03 07:13:15,257 - ScenarioRunner - INFO - Test case execution time: 0:00:04.001399
2025-09-03 07:13:15,257 - ScenarioRunner - INFO - Test case finished successfully.
2025-09-03 07:13:15,257 - ScenarioRunner - INFO - Test run finished.
2025-09-03 07:13:15,257 - ScenarioRunner - INFO - --- Finished Test Case: Example Test 1 ---
2025-09-03 07:13:15,257 - ScenarioRunner - INFO - --- Running Test Case: Example Test 2 ---
2025-09-03 07:13:15,257 - ScenarioRunner - INFO - Starting test from script: example/example_test.py
2025-09-03 07:13:15,258 - ScenarioRunner - INFO - Output will be saved in: output/New_Features_Scenario_20250903_071305/test_2_Example_Test_2
2025-09-03 07:13:15,258 - ScenarioRunner - INFO - Loading test case from example/example_test.py
2025-09-03 07:13:15,258 - ScenarioRunner - INFO - Executing setup()
2025-09-03 07:13:15,258 - ScenarioRunner - INFO - Setting up the example test case.
2025-09-03 07:13:15,258 - ScenarioRunner - INFO - Received variables: {'username': 'test_user_2', 'delay': 1}
2025-09-03 07:13:15,258 - ScenarioRunner - INFO - Executing run()
2025-09-03 07:13:15,258 - ScenarioRunner - INFO - Running the example test case.
2025-09-03 07:13:15,259 - ScenarioRunner - INFO - Simulating login for user: test_user_2
2025-09-03 07:13:16,259 - ScenarioRunner - INFO - Simulating some action.
2025-09-03 07:13:17,259 - ScenarioRunner - INFO - Example test case finished.
2025-09-03 07:13:17,260 - ScenarioRunner - INFO - Executing teardown()
2025-09-03 07:13:17,260 - ScenarioRunner - INFO - Tearing down the example test case.
2025-09-03 07:13:17,260 - ScenarioRunner - INFO - Test case execution time: 0:00:02.001477
2025-09-03 07:13:17,260 - ScenarioRunner - INFO - Test case finished successfully.
2025-09-03 07:13:17,260 - ScenarioRunner - INFO - Test run finished.
2025-09-03 07:13:17,260 - ScenarioRunner - INFO - --- Finished Test Case: Example Test 2 ---
2025-09-03 07:13:17,260 - ScenarioRunner - INFO - Scenario run finished.
2025-09-03 07:13:17,260 - ScenarioRunner - INFO - --- Finished Sub-Scenario: example/example_scenario.json ---
2025-09-03 07:13:17,260 - ScenarioRunner - INFO - --- Running Test Case: CSV Test ---
2025-09-03 07:13:17,260 - ScenarioRunner - INFO - Starting test from script: example/example_test.py
2025-09-03 07:13:17,260 - ScenarioRunner - INFO - Output will be saved in: output/New_Features_Scenario_20250903_071305/test_1_CSV_Test
2025-09-03 07:13:17,260 - ScenarioRunner - INFO - Loading test case from example/example_test.py
2025-09-03 07:13:17,261 - ScenarioRunner - INFO - Executing setup()
2025-09-03 07:13:17,261 - ScenarioRunner - INFO - Setting up the example test case.
2025-09-03 07:13:17,261 - ScenarioRunner - INFO - Received variables: {'username': 'csv_user_2', 'delay': '2'}
2025-09-03 07:13:17,261 - ScenarioRunner - INFO - Executing run()
2025-09-03 07:13:17,261 - ScenarioRunner - INFO - Running the example test case.
2025-09-03 07:13:17,261 - ScenarioRunner - INFO - Simulating login for user: csv_user_2
2025-09-03 07:13:17,261 - ScenarioRunner - INFO - Executing teardown()
2025-09-03 07:13:17,261 - ScenarioRunner - INFO - Tearing down the example test case.
2025-09-03 07:13:17,261 - ScenarioRunner - INFO - Test case execution time: 0:00:00.000563
2025-09-03 07:13:17,261 - ScenarioRunner - ERROR - Test case failed: 'str' object cannot be interpreted as an integer
2025-09-03 07:13:17,262 - ScenarioRunner - ERROR - Traceback (most recent call last):
  File "/app/player/main_player.py", line 38, in run
    self._execute_test_case(test_case_instance)
  File "/app/player/main_player.py", line 78, in _execute_test_case
    test_case_instance.run()
  File "/app/example/example_test.py", line 16, in run
    time.sleep(delay)
TypeError: 'str' object cannot be interpreted as an integer

2025-09-03 07:13:17,262 - ScenarioRunner - INFO - Test run finished.
2025-09-03 07:13:17,262 - ScenarioRunner - INFO - --- Finished Test Case: CSV Test ---
2025-09-03 07:13:17,262 - ScenarioRunner - INFO - Scenario run finished.
2025-09-03 07:13:17,262 - ScenarioRunner - INFO - --- Running Scenario Iteration 3 with data: {'username': 'csv_user_3', 'delay': '1'} ---
2025-09-03 07:13:17,262 - ScenarioRunner - INFO - --- Running Sub-Scenario: example/example_scenario.json ---
2025-09-03 07:13:17,262 - ScenarioRunner - INFO - Starting scenario from: example/example_scenario.json
2025-09-03 07:13:17,262 - ScenarioRunner - INFO - Output will be saved in: output/New_Features_Scenario_20250903_071305
2025-09-03 07:13:17,263 - ScenarioRunner - INFO - --- Running Test Case: Example Test 1 ---
2025-09-03 07:13:17,263 - ScenarioRunner - INFO - Starting test from script: example/example_test.py
2025-09-03 07:13:17,263 - ScenarioRunner - INFO - Output will be saved in: output/New_Features_Scenario_20250903_071305/test_1_Example_Test_1
2025-09-03 07:13:17,263 - ScenarioRunner - INFO - Loading test case from example/example_test.py
2025-09-03 07:13:17,263 - ScenarioRunner - INFO - Executing setup()
2025-09-03 07:13:17,263 - ScenarioRunner - INFO - Setting up the example test case.
2025-09-03 07:13:17,263 - ScenarioRunner - INFO - Received variables: {'username': 'test_user_1', 'delay': 2}
2025-09-03 07:13:17,263 - ScenarioRunner - INFO - Executing run()
2025-09-03 07:13:17,264 - ScenarioRunner - INFO - Running the example test case.
2025-09-03 07:13:17,264 - ScenarioRunner - INFO - Simulating login for user: test_user_1
2025-09-03 07:13:19,264 - ScenarioRunner - INFO - Simulating some action.
2025-09-03 07:13:21,264 - ScenarioRunner - INFO - Example test case finished.
2025-09-03 07:13:21,265 - ScenarioRunner - INFO - Executing teardown()
2025-09-03 07:13:21,265 - ScenarioRunner - INFO - Tearing down the example test case.
2025-09-03 07:13:21,265 - ScenarioRunner - INFO - Test case execution time: 0:00:04.001384
2025-09-03 07:13:21,265 - ScenarioRunner - INFO - Test case finished successfully.
2025-09-03 07:13:21,265 - ScenarioRunner - INFO - Test run finished.
2025-09-03 07:13:21,265 - ScenarioRunner - INFO - --- Finished Test Case: Example Test 1 ---
2025-09-03 07:13:21,265 - ScenarioRunner - INFO - --- Running Test Case: Example Test 2 ---
2025-09-03 07:13:21,265 - ScenarioRunner - INFO - Starting test from script: example/example_test.py
2025-09-03 07:13:21,265 - ScenarioRunner - INFO - Output will be saved in: output/New_Features_Scenario_20250903_071305/test_2_Example_Test_2
2025-09-03 07:13:21,265 - ScenarioRunner - INFO - Loading test case from example/example_test.py
2025-09-03 07:13:21,266 - ScenarioRunner - INFO - Executing setup()
2025-09-03 07:13:21,266 - ScenarioRunner - INFO - Setting up the example test case.
2025-09-03 07:13:21,266 - ScenarioRunner - INFO - Received variables: {'username': 'test_user_2', 'delay': 1}
2025-09-03 07:13:21,266 - ScenarioRunner - INFO - Executing run()
2025-09-03 07:13:21,266 - ScenarioRunner - INFO - Running the example test case.
2025-09-03 07:13:21,266 - ScenarioRunner - INFO - Simulating login for user: test_user_2
2025-09-03 07:13:22,266 - ScenarioRunner - INFO - Simulating some action.
2025-09-03 07:13:23,267 - ScenarioRunner - INFO - Example test case finished.
2025-09-03 07:13:23,267 - ScenarioRunner - INFO - Executing teardown()
2025-09-03 07:13:23,267 - ScenarioRunner - INFO - Tearing down the example test case.
2025-09-03 07:13:23,267 - ScenarioRunner - INFO - Test case execution time: 0:00:02.001595
2025-09-03 07:13:23,267 - ScenarioRunner - INFO - Test case finished successfully.
2025-09-03 07:13:23,267 - ScenarioRunner - INFO - Test run finished.
2025-09-03 07:13:23,267 - ScenarioRunner - INFO - --- Finished Test Case: Example Test 2 ---
2025-09-03 07:13:23,267 - ScenarioRunner - INFO - Scenario run finished.
2025-09-03 07:13:23,267 - ScenarioRunner - INFO - --- Finished Sub-Scenario: example/example_scenario.json ---
2025-09-03 07:13:23,268 - ScenarioRunner - INFO - --- Running Test Case: CSV Test ---
2025-09-03 07:13:23,268 - ScenarioRunner - INFO - Starting test from script: example/example_test.py
2025-09-03 07:13:23,268 - ScenarioRunner - INFO - Output will be saved in: output/New_Features_Scenario_20250903_071305/test_1_CSV_Test
2025-09-03 07:13:23,268 - ScenarioRunner - INFO - Loading test case from example/example_test.py
2025-09-03 07:13:23,268 - ScenarioRunner - INFO - Executing setup()
2025-09-03 07:13:23,268 - ScenarioRunner - INFO - Setting up the example test case.
2025-09-03 07:13:23,268 - ScenarioRunner - INFO - Received variables: {'username': 'csv_user_3', 'delay': '1'}
2025-09-03 07:13:23,269 - ScenarioRunner - INFO - Executing run()
2025-09-03 07:13:23,269 - ScenarioRunner - INFO - Running the example test case.
2025-09-03 07:13:23,269 - ScenarioRunner - INFO - Simulating login for user: csv_user_3
2025-09-03 07:13:23,269 - ScenarioRunner - INFO - Executing teardown()
2025-09-03 07:13:23,269 - ScenarioRunner - INFO - Tearing down the example test case.
2025-09-03 07:13:23,269 - ScenarioRunner - INFO - Test case execution time: 0:00:00.000598
2025-09-03 07:13:23,269 - ScenarioRunner - ERROR - Test case failed: 'str' object cannot be interpreted as an integer
2025-09-03 07:13:23,269 - ScenarioRunner - ERROR - Traceback (most recent call last):
  File "/app/player/main_player.py", line 38, in run
    self._execute_test_case(test_case_instance)
  File "/app/player/main_player.py", line 78, in _execute_test_case
    test_case_instance.run()
  File "/app/example/example_test.py", line 16, in run
    time.sleep(delay)
TypeError: 'str' object cannot be interpreted as an integer

2025-09-03 07:13:23,270 - ScenarioRunner - INFO - Test run finished.
2025-09-03 07:13:23,270 - ScenarioRunner - INFO - --- Finished Test Case: CSV Test ---
2025-09-03 07:13:23,270 - ScenarioRunner - INFO - Scenario run finished.
